<?xml version="1.0" encoding="UTF-8"?>
<testng-results skipped="0" failed="0" ignored="0" total="1" passed="1">
  <reporter-output>
  </reporter-output>
  <suite name="Suite" duration-ms="30630" started-at="2020-04-13T15:55:59 IST" finished-at="2020-04-13T15:56:30 IST">
    <groups>
    </groups>
    <test name="para" duration-ms="30630" started-at="2020-04-13T15:55:59 IST" finished-at="2020-04-13T15:56:30 IST">
      <class name="com.qa.crm.testcases.paremetr">
        <test-method status="PASS" signature="para(java.lang.String, java.lang.String, java.lang.String)[pri:0, instance:com.qa.crm.testcases.paremetr@5faeada1]" name="para" duration-ms="30429" started-at="2020-04-13T15:55:59 IST" finished-at="2020-04-13T15:56:30 IST">
          <params>
            <param index="0">
              <value>
                <![CDATA[https://opensource-demo.orangehrmlive.com]]>
              </value>
            </param>
            <param index="1">
              <value>
                <![CDATA[Admin]]>
              </value>
            </param>
            <param index="2">
              <value>
                <![CDATA[admin123]]>
              </value>
            </param>
          </params>
          <reporter-output>
          </reporter-output>
        </test-method> <!-- para -->
      </class> <!-- com.qa.crm.testcases.paremetr -->
    </test> <!-- para -->
  </suite> <!-- Suite -->
</testng-results>
